2023-11-26T16:09:50.210Z 0: 

----------------------------------------------
2023-11-26T16:09:50.215Z 1: Discord starting: {"releaseChannel":"stable","version":"0.0.35"}, modulepath: /home/aephus/.config/discord/0.0.35/modules
2023-11-26T16:09:50.218Z 2: ✅ webContents.created web1 ""
2023-11-26T16:09:50.219Z 3: ✅ window.created win1 "discord"
2023-11-26T16:09:50.360Z 4: ✅ webContents.did-finish-load web1
2023-11-26T16:09:53.265Z 5: ✅ webContents.created web2 ""
2023-11-26T16:09:53.267Z 6: ✅ window.created win2 "Discord"
2023-11-26T16:09:54.355Z 7: ✅ webContents.did-finish-load web2
2023-11-26T16:09:54.449Z 8: window.close win1
2023-11-26T16:09:54.672Z 9: webContents.destroyed web1
2023-11-26T16:09:54.675Z 10: window.closed win1
2023-11-26T16:13:57.689Z 11: window.close win2
2023-11-26T16:14:00.647Z 0: 

----------------------------------------------
2023-11-26T16:14:00.655Z 1: Discord starting: {"releaseChannel":"stable","version":"0.0.35"}, modulepath: /home/aephus/.config/discord/0.0.35/modules
2023-11-26T16:14:06.958Z 12: window.close win2
2023-11-26T16:14:11.065Z 13: before-quit
2023-11-26T16:14:11.068Z 14: window.close win2
2023-11-26T16:14:11.110Z 15: webContents.destroyed web2
2023-11-26T16:14:14.440Z 0: 

----------------------------------------------
2023-11-26T16:14:14.455Z 1: Discord starting: {"releaseChannel":"stable","version":"0.0.35"}, modulepath: /home/aephus/.config/discord/0.0.35/modules
2023-11-26T16:14:14.458Z 2: ✅ webContents.created web1 ""
2023-11-26T16:14:14.460Z 3: ✅ window.created win1 "discord"
2023-11-26T16:14:14.604Z 4: ✅ webContents.did-finish-load web1
2023-11-26T16:14:14.946Z 5: ✅ webContents.created web2 ""
2023-11-26T16:14:14.949Z 6: ✅ window.created win2 "Discord"
2023-11-26T16:14:16.084Z 7: ❌ webContents.did-fail-load web2" -3 
2023-11-26T16:14:16.659Z 8: ✅ webContents.did-finish-load web2
2023-11-26T16:14:16.754Z 9: window.close win1
2023-11-26T16:14:16.758Z 10: webContents.destroyed web1
2023-11-26T16:14:16.761Z 11: window.closed win1
2023-11-26T16:16:06.948Z 12: before-quit
2023-11-26T16:16:06.967Z 13: window.close win2
2023-11-26T16:16:09.869Z 0: 

----------------------------------------------
2023-11-26T16:16:09.882Z 1: Discord starting: {"releaseChannel":"stable","version":"0.0.35"}, modulepath: /home/aephus/.config/discord/0.0.35/modules
2023-11-26T16:16:09.886Z 2: ✅ webContents.created web1 ""
2023-11-26T16:16:09.889Z 3: ✅ window.created win1 "discord"
2023-11-26T16:16:10.024Z 4: ✅ webContents.did-finish-load web1
2023-11-26T16:16:10.386Z 5: ✅ webContents.created web2 ""
2023-11-26T16:16:10.389Z 6: ✅ window.created win2 "Discord"
2023-11-26T16:16:11.366Z 7: ✅ webContents.did-finish-load web2
2023-11-26T16:16:11.463Z 8: window.close win1
2023-11-26T16:16:11.467Z 9: webContents.destroyed web1
2023-11-26T16:16:11.469Z 10: window.closed win1
2023-11-26T16:16:37.731Z 11: before-quit
2023-11-26T16:16:37.735Z 12: window.close win2
2023-11-26T16:16:37.743Z 13: webContents.destroyed web2
