2023-11-26T16:09:50.194Z [Modules] Modules initializing
2023-11-26T16:09:50.194Z [Modules] Distribution: remote
2023-11-26T16:09:50.194Z [Modules] Host updates: enabled
2023-11-26T16:09:50.194Z [Modules] Module updates: enabled
2023-11-26T16:09:50.194Z [Modules] Module install path: /home/aephus/.config/discord/0.0.35/modules
2023-11-26T16:09:50.195Z [Modules] Module installed file path: /home/aephus/.config/discord/0.0.35/modules/installed.json
2023-11-26T16:09:50.195Z [Modules] Module download path: /home/aephus/.config/discord/0.0.35/modules/pending
2023-11-26T16:09:50.316Z [Modules] Bootstrapping...
2023-11-26T16:09:50.317Z [Modules] Installing discord_desktop_core@0 from /opt/discord/resources/bootstrap/discord_desktop_core.zip
2023-11-26T16:09:50.318Z [Modules] Failed installing discord_desktop_core@0: Error: ENOENT: no such file or directory, open '/opt/discord/resources/bootstrap/discord_desktop_core.zip'
2023-11-26T16:09:50.319Z [Modules] Installing discord_erlpack@0 from /opt/discord/resources/bootstrap/discord_erlpack.zip
2023-11-26T16:09:50.320Z [Modules] Failed installing discord_erlpack@0: Error: ENOENT: no such file or directory, open '/opt/discord/resources/bootstrap/discord_erlpack.zip'
2023-11-26T16:09:50.320Z [Modules] Installing discord_spellcheck@0 from /opt/discord/resources/bootstrap/discord_spellcheck.zip
2023-11-26T16:09:50.320Z [Modules] Failed installing discord_spellcheck@0: Error: ENOENT: no such file or directory, open '/opt/discord/resources/bootstrap/discord_spellcheck.zip'
2023-11-26T16:09:50.321Z [Modules] Installing discord_utils@0 from /opt/discord/resources/bootstrap/discord_utils.zip
2023-11-26T16:09:50.321Z [Modules] Failed installing discord_utils@0: Error: ENOENT: no such file or directory, open '/opt/discord/resources/bootstrap/discord_utils.zip'
2023-11-26T16:09:50.321Z [Modules] Installing discord_voice@0 from /opt/discord/resources/bootstrap/discord_voice.zip
2023-11-26T16:09:50.322Z [Modules] Failed installing discord_voice@0: Error: ENOENT: no such file or directory, open '/opt/discord/resources/bootstrap/discord_voice.zip'
2023-11-26T16:09:50.322Z [Modules] Finished module installations. [success: 0] [failure: 5]
2023-11-26T16:09:50.322Z [Modules] Checking for host updates.
2023-11-26T16:09:50.562Z [Modules] Host is up to date.
2023-11-26T16:09:50.562Z [Modules] Checking for module updates at https://discord.com/api/modules/stable/versions.json
2023-11-26T16:09:50.712Z [Modules] Module update available: discord_desktop_core@1 [installed: 0]
2023-11-26T16:09:50.712Z [Modules] Module update available: discord_erlpack@1 [installed: 0]
2023-11-26T16:09:50.712Z [Modules] Module update available: discord_spellcheck@1 [installed: 0]
2023-11-26T16:09:50.712Z [Modules] Module update available: discord_utils@1 [installed: 0]
2023-11-26T16:09:50.712Z [Modules] Module update available: discord_voice@1 [installed: 0]
2023-11-26T16:09:50.712Z [Modules] Fetching discord_desktop_core@1 from https://discord.com/api/modules/stable/discord_desktop_core/1
2023-11-26T16:09:50.712Z [Modules] Streaming discord_desktop_core@1 to /home/aephus/.config/discord/0.0.35/modules/pending/discord_desktop_core-1.zip
2023-11-26T16:09:50.903Z [Modules] Streaming discord_desktop_core@1 to /home/aephus/.config/discord/0.0.35/modules/pending/discord_desktop_core-1.zip: 2%
2023-11-26T16:09:50.907Z [Modules] Streaming discord_desktop_core@1 to /home/aephus/.config/discord/0.0.35/modules/pending/discord_desktop_core-1.zip: 5%
2023-11-26T16:09:50.907Z [Modules] Streaming discord_desktop_core@1 to /home/aephus/.config/discord/0.0.35/modules/pending/discord_desktop_core-1.zip: 6%
2023-11-26T16:09:50.908Z [Modules] Streaming discord_desktop_core@1 to /home/aephus/.config/discord/0.0.35/modules/pending/discord_desktop_core-1.zip: 9%
2023-11-26T16:09:50.911Z [Modules] Streaming discord_desktop_core@1 to /home/aephus/.config/discord/0.0.35/modules/pending/discord_desktop_core-1.zip: 12%
2023-11-26T16:09:50.911Z [Modules] Streaming discord_desktop_core@1 to /home/aephus/.config/discord/0.0.35/modules/pending/discord_desktop_core-1.zip: 13%
2023-11-26T16:09:50.912Z [Modules] Streaming discord_desktop_core@1 to /home/aephus/.config/discord/0.0.35/modules/pending/discord_desktop_core-1.zip: 16%
2023-11-26T16:09:50.913Z [Modules] Streaming discord_desktop_core@1 to /home/aephus/.config/discord/0.0.35/modules/pending/discord_desktop_core-1.zip: 19%
2023-11-26T16:09:50.914Z [Modules] Streaming discord_desktop_core@1 to /home/aephus/.config/discord/0.0.35/modules/pending/discord_desktop_core-1.zip: 22%
2023-11-26T16:09:50.915Z [Modules] Streaming discord_desktop_core@1 to /home/aephus/.config/discord/0.0.35/modules/pending/discord_desktop_core-1.zip: 25%
2023-11-26T16:09:50.916Z [Modules] Streaming discord_desktop_core@1 to /home/aephus/.config/discord/0.0.35/modules/pending/discord_desktop_core-1.zip: 28%
2023-11-26T16:09:50.917Z [Modules] Streaming discord_desktop_core@1 to /home/aephus/.config/discord/0.0.35/modules/pending/discord_desktop_core-1.zip: 31%
2023-11-26T16:09:50.917Z [Modules] Streaming discord_desktop_core@1 to /home/aephus/.config/discord/0.0.35/modules/pending/discord_desktop_core-1.zip: 32%
2023-11-26T16:09:50.918Z [Modules] Streaming discord_desktop_core@1 to /home/aephus/.config/discord/0.0.35/modules/pending/discord_desktop_core-1.zip: 35%
2023-11-26T16:09:50.919Z [Modules] Streaming discord_desktop_core@1 to /home/aephus/.config/discord/0.0.35/modules/pending/discord_desktop_core-1.zip: 37%
2023-11-26T16:09:50.920Z [Modules] Streaming discord_desktop_core@1 to /home/aephus/.config/discord/0.0.35/modules/pending/discord_desktop_core-1.zip: 40%
2023-11-26T16:09:50.920Z [Modules] Streaming discord_desktop_core@1 to /home/aephus/.config/discord/0.0.35/modules/pending/discord_desktop_core-1.zip: 41%
2023-11-26T16:09:50.921Z [Modules] Streaming discord_desktop_core@1 to /home/aephus/.config/discord/0.0.35/modules/pending/discord_desktop_core-1.zip: 44%
2023-11-26T16:09:50.921Z [Modules] Streaming discord_desktop_core@1 to /home/aephus/.config/discord/0.0.35/modules/pending/discord_desktop_core-1.zip: 45%
2023-11-26T16:09:50.922Z [Modules] Streaming discord_desktop_core@1 to /home/aephus/.config/discord/0.0.35/modules/pending/discord_desktop_core-1.zip: 48%
2023-11-26T16:09:50.923Z [Modules] Streaming discord_desktop_core@1 to /home/aephus/.config/discord/0.0.35/modules/pending/discord_desktop_core-1.zip: 51%
2023-11-26T16:09:50.923Z [Modules] Streaming discord_desktop_core@1 to /home/aephus/.config/discord/0.0.35/modules/pending/discord_desktop_core-1.zip: 53%
2023-11-26T16:09:50.924Z [Modules] Streaming discord_desktop_core@1 to /home/aephus/.config/discord/0.0.35/modules/pending/discord_desktop_core-1.zip: 56%
2023-11-26T16:09:50.925Z [Modules] Streaming discord_desktop_core@1 to /home/aephus/.config/discord/0.0.35/modules/pending/discord_desktop_core-1.zip: 59%
2023-11-26T16:09:50.925Z [Modules] Streaming discord_desktop_core@1 to /home/aephus/.config/discord/0.0.35/modules/pending/discord_desktop_core-1.zip: 62%
2023-11-26T16:09:50.926Z [Modules] Streaming discord_desktop_core@1 to /home/aephus/.config/discord/0.0.35/modules/pending/discord_desktop_core-1.zip: 63%
2023-11-26T16:09:50.926Z [Modules] Streaming discord_desktop_core@1 to /home/aephus/.config/discord/0.0.35/modules/pending/discord_desktop_core-1.zip: 66%
2023-11-26T16:09:50.927Z [Modules] Streaming discord_desktop_core@1 to /home/aephus/.config/discord/0.0.35/modules/pending/discord_desktop_core-1.zip: 69%
2023-11-26T16:09:50.928Z [Modules] Streaming discord_desktop_core@1 to /home/aephus/.config/discord/0.0.35/modules/pending/discord_desktop_core-1.zip: 71%
2023-11-26T16:09:50.928Z [Modules] Streaming discord_desktop_core@1 to /home/aephus/.config/discord/0.0.35/modules/pending/discord_desktop_core-1.zip: 74%
2023-11-26T16:09:50.929Z [Modules] Streaming discord_desktop_core@1 to /home/aephus/.config/discord/0.0.35/modules/pending/discord_desktop_core-1.zip: 77%
2023-11-26T16:09:50.930Z [Modules] Streaming discord_desktop_core@1 to /home/aephus/.config/discord/0.0.35/modules/pending/discord_desktop_core-1.zip: 80%
2023-11-26T16:09:50.930Z [Modules] Streaming discord_desktop_core@1 to /home/aephus/.config/discord/0.0.35/modules/pending/discord_desktop_core-1.zip: 81%
2023-11-26T16:09:50.931Z [Modules] Streaming discord_desktop_core@1 to /home/aephus/.config/discord/0.0.35/modules/pending/discord_desktop_core-1.zip: 84%
2023-11-26T16:09:50.932Z [Modules] Streaming discord_desktop_core@1 to /home/aephus/.config/discord/0.0.35/modules/pending/discord_desktop_core-1.zip: 87%
2023-11-26T16:09:50.932Z [Modules] Streaming discord_desktop_core@1 to /home/aephus/.config/discord/0.0.35/modules/pending/discord_desktop_core-1.zip: 89%
2023-11-26T16:09:50.933Z [Modules] Streaming discord_desktop_core@1 to /home/aephus/.config/discord/0.0.35/modules/pending/discord_desktop_core-1.zip: 92%
2023-11-26T16:09:50.933Z [Modules] Streaming discord_desktop_core@1 to /home/aephus/.config/discord/0.0.35/modules/pending/discord_desktop_core-1.zip: 93%
2023-11-26T16:09:50.933Z [Modules] Streaming discord_desktop_core@1 to /home/aephus/.config/discord/0.0.35/modules/pending/discord_desktop_core-1.zip: 95%
2023-11-26T16:09:50.934Z [Modules] Streaming discord_desktop_core@1 to /home/aephus/.config/discord/0.0.35/modules/pending/discord_desktop_core-1.zip: 97%
2023-11-26T16:09:50.934Z [Modules] Streaming discord_desktop_core@1 to /home/aephus/.config/discord/0.0.35/modules/pending/discord_desktop_core-1.zip: 100%
2023-11-26T16:09:50.935Z [Modules] Fetching discord_erlpack@1 from https://discord.com/api/modules/stable/discord_erlpack/1
2023-11-26T16:09:50.935Z [Modules] Streaming discord_erlpack@1 to /home/aephus/.config/discord/0.0.35/modules/pending/discord_erlpack-1.zip
2023-11-26T16:09:51.130Z [Modules] Streaming discord_erlpack@1 to /home/aephus/.config/discord/0.0.35/modules/pending/discord_erlpack-1.zip: 3%
2023-11-26T16:09:51.130Z [Modules] Streaming discord_erlpack@1 to /home/aephus/.config/discord/0.0.35/modules/pending/discord_erlpack-1.zip: 5%
2023-11-26T16:09:51.131Z [Modules] Streaming discord_erlpack@1 to /home/aephus/.config/discord/0.0.35/modules/pending/discord_erlpack-1.zip: 8%
2023-11-26T16:09:51.132Z [Modules] Streaming discord_erlpack@1 to /home/aephus/.config/discord/0.0.35/modules/pending/discord_erlpack-1.zip: 11%
2023-11-26T16:09:51.133Z [Modules] Streaming discord_erlpack@1 to /home/aephus/.config/discord/0.0.35/modules/pending/discord_erlpack-1.zip: 15%
2023-11-26T16:09:51.135Z [Modules] Streaming discord_erlpack@1 to /home/aephus/.config/discord/0.0.35/modules/pending/discord_erlpack-1.zip: 17%
2023-11-26T16:09:51.136Z [Modules] Streaming discord_erlpack@1 to /home/aephus/.config/discord/0.0.35/modules/pending/discord_erlpack-1.zip: 20%
2023-11-26T16:09:51.137Z [Modules] Streaming discord_erlpack@1 to /home/aephus/.config/discord/0.0.35/modules/pending/discord_erlpack-1.zip: 23%
2023-11-26T16:09:51.137Z [Modules] Streaming discord_erlpack@1 to /home/aephus/.config/discord/0.0.35/modules/pending/discord_erlpack-1.zip: 25%
2023-11-26T16:09:51.138Z [Modules] Streaming discord_erlpack@1 to /home/aephus/.config/discord/0.0.35/modules/pending/discord_erlpack-1.zip: 29%
2023-11-26T16:09:51.140Z [Modules] Streaming discord_erlpack@1 to /home/aephus/.config/discord/0.0.35/modules/pending/discord_erlpack-1.zip: 30%
2023-11-26T16:09:51.163Z [Modules] Streaming discord_erlpack@1 to /home/aephus/.config/discord/0.0.35/modules/pending/discord_erlpack-1.zip: 34%
2023-11-26T16:09:51.164Z [Modules] Streaming discord_erlpack@1 to /home/aephus/.config/discord/0.0.35/modules/pending/discord_erlpack-1.zip: 37%
2023-11-26T16:09:51.165Z [Modules] Streaming discord_erlpack@1 to /home/aephus/.config/discord/0.0.35/modules/pending/discord_erlpack-1.zip: 41%
2023-11-26T16:09:51.166Z [Modules] Streaming discord_erlpack@1 to /home/aephus/.config/discord/0.0.35/modules/pending/discord_erlpack-1.zip: 44%
2023-11-26T16:09:51.172Z [Modules] Streaming discord_erlpack@1 to /home/aephus/.config/discord/0.0.35/modules/pending/discord_erlpack-1.zip: 47%
2023-11-26T16:09:51.173Z [Modules] Streaming discord_erlpack@1 to /home/aephus/.config/discord/0.0.35/modules/pending/discord_erlpack-1.zip: 51%
2023-11-26T16:09:51.175Z [Modules] Streaming discord_erlpack@1 to /home/aephus/.config/discord/0.0.35/modules/pending/discord_erlpack-1.zip: 54%
2023-11-26T16:09:51.176Z [Modules] Streaming discord_erlpack@1 to /home/aephus/.config/discord/0.0.35/modules/pending/discord_erlpack-1.zip: 56%
2023-11-26T16:09:51.182Z [Modules] Streaming discord_erlpack@1 to /home/aephus/.config/discord/0.0.35/modules/pending/discord_erlpack-1.zip: 59%
2023-11-26T16:09:51.183Z [Modules] Streaming discord_erlpack@1 to /home/aephus/.config/discord/0.0.35/modules/pending/discord_erlpack-1.zip: 63%
2023-11-26T16:09:51.184Z [Modules] Streaming discord_erlpack@1 to /home/aephus/.config/discord/0.0.35/modules/pending/discord_erlpack-1.zip: 66%
2023-11-26T16:09:51.185Z [Modules] Streaming discord_erlpack@1 to /home/aephus/.config/discord/0.0.35/modules/pending/discord_erlpack-1.zip: 70%
2023-11-26T16:09:51.186Z [Modules] Streaming discord_erlpack@1 to /home/aephus/.config/discord/0.0.35/modules/pending/discord_erlpack-1.zip: 73%
2023-11-26T16:09:51.188Z [Modules] Streaming discord_erlpack@1 to /home/aephus/.config/discord/0.0.35/modules/pending/discord_erlpack-1.zip: 76%
2023-11-26T16:09:51.189Z [Modules] Streaming discord_erlpack@1 to /home/aephus/.config/discord/0.0.35/modules/pending/discord_erlpack-1.zip: 80%
2023-11-26T16:09:51.192Z [Modules] Streaming discord_erlpack@1 to /home/aephus/.config/discord/0.0.35/modules/pending/discord_erlpack-1.zip: 83%
2023-11-26T16:09:51.193Z [Modules] Streaming discord_erlpack@1 to /home/aephus/.config/discord/0.0.35/modules/pending/discord_erlpack-1.zip: 87%
2023-11-26T16:09:51.194Z [Modules] Streaming discord_erlpack@1 to /home/aephus/.config/discord/0.0.35/modules/pending/discord_erlpack-1.zip: 90%
2023-11-26T16:09:51.194Z [Modules] Streaming discord_erlpack@1 to /home/aephus/.config/discord/0.0.35/modules/pending/discord_erlpack-1.zip: 94%
2023-11-26T16:09:51.208Z [Modules] Streaming discord_erlpack@1 to /home/aephus/.config/discord/0.0.35/modules/pending/discord_erlpack-1.zip: 97%
2023-11-26T16:09:51.209Z [Modules] Streaming discord_erlpack@1 to /home/aephus/.config/discord/0.0.35/modules/pending/discord_erlpack-1.zip: 100%
2023-11-26T16:09:51.210Z [Modules] Fetching discord_spellcheck@1 from https://discord.com/api/modules/stable/discord_spellcheck/1
2023-11-26T16:09:51.210Z [Modules] Streaming discord_spellcheck@1 to /home/aephus/.config/discord/0.0.35/modules/pending/discord_spellcheck-1.zip
2023-11-26T16:09:51.434Z [Modules] Streaming discord_spellcheck@1 to /home/aephus/.config/discord/0.0.35/modules/pending/discord_spellcheck-1.zip: 1%
2023-11-26T16:09:51.435Z [Modules] Streaming discord_spellcheck@1 to /home/aephus/.config/discord/0.0.35/modules/pending/discord_spellcheck-1.zip: 3%
2023-11-26T16:09:51.435Z [Modules] Streaming discord_spellcheck@1 to /home/aephus/.config/discord/0.0.35/modules/pending/discord_spellcheck-1.zip: 5%
2023-11-26T16:09:51.435Z [Modules] Streaming discord_spellcheck@1 to /home/aephus/.config/discord/0.0.35/modules/pending/discord_spellcheck-1.zip: 6%
2023-11-26T16:09:51.437Z [Modules] Streaming discord_spellcheck@1 to /home/aephus/.config/discord/0.0.35/modules/pending/discord_spellcheck-1.zip: 7%
2023-11-26T16:09:51.437Z [Modules] Streaming discord_spellcheck@1 to /home/aephus/.config/discord/0.0.35/modules/pending/discord_spellcheck-1.zip: 8%
2023-11-26T16:09:51.437Z [Modules] Streaming discord_spellcheck@1 to /home/aephus/.config/discord/0.0.35/modules/pending/discord_spellcheck-1.zip: 10%
2023-11-26T16:09:51.438Z [Modules] Streaming discord_spellcheck@1 to /home/aephus/.config/discord/0.0.35/modules/pending/discord_spellcheck-1.zip: 11%
2023-11-26T16:09:51.438Z [Modules] Streaming discord_spellcheck@1 to /home/aephus/.config/discord/0.0.35/modules/pending/discord_spellcheck-1.zip: 13%
2023-11-26T16:09:51.438Z [Modules] Streaming discord_spellcheck@1 to /home/aephus/.config/discord/0.0.35/modules/pending/discord_spellcheck-1.zip: 15%
2023-11-26T16:09:51.439Z [Modules] Streaming discord_spellcheck@1 to /home/aephus/.config/discord/0.0.35/modules/pending/discord_spellcheck-1.zip: 16%
2023-11-26T16:09:51.439Z [Modules] Streaming discord_spellcheck@1 to /home/aephus/.config/discord/0.0.35/modules/pending/discord_spellcheck-1.zip: 18%
2023-11-26T16:09:51.439Z [Modules] Streaming discord_spellcheck@1 to /home/aephus/.config/discord/0.0.35/modules/pending/discord_spellcheck-1.zip: 19%
2023-11-26T16:09:51.440Z [Modules] Streaming discord_spellcheck@1 to /home/aephus/.config/discord/0.0.35/modules/pending/discord_spellcheck-1.zip: 20%
2023-11-26T16:09:51.440Z [Modules] Streaming discord_spellcheck@1 to /home/aephus/.config/discord/0.0.35/modules/pending/discord_spellcheck-1.zip: 21%
2023-11-26T16:09:51.442Z [Modules] Streaming discord_spellcheck@1 to /home/aephus/.config/discord/0.0.35/modules/pending/discord_spellcheck-1.zip: 22%
2023-11-26T16:09:51.444Z [Modules] Streaming discord_spellcheck@1 to /home/aephus/.config/discord/0.0.35/modules/pending/discord_spellcheck-1.zip: 23%
2023-11-26T16:09:51.445Z [Modules] Streaming discord_spellcheck@1 to /home/aephus/.config/discord/0.0.35/modules/pending/discord_spellcheck-1.zip: 24%
2023-11-26T16:09:51.447Z [Modules] Streaming discord_spellcheck@1 to /home/aephus/.config/discord/0.0.35/modules/pending/discord_spellcheck-1.zip: 25%
2023-11-26T16:09:51.448Z [Modules] Streaming discord_spellcheck@1 to /home/aephus/.config/discord/0.0.35/modules/pending/discord_spellcheck-1.zip: 26%
2023-11-26T16:09:51.448Z [Modules] Streaming discord_spellcheck@1 to /home/aephus/.config/discord/0.0.35/modules/pending/discord_spellcheck-1.zip: 27%
2023-11-26T16:09:51.450Z [Modules] Streaming discord_spellcheck@1 to /home/aephus/.config/discord/0.0.35/modules/pending/discord_spellcheck-1.zip: 28%
2023-11-26T16:09:51.451Z [Modules] Streaming discord_spellcheck@1 to /home/aephus/.config/discord/0.0.35/modules/pending/discord_spellcheck-1.zip: 29%
2023-11-26T16:09:51.452Z [Modules] Streaming discord_spellcheck@1 to /home/aephus/.config/discord/0.0.35/modules/pending/discord_spellcheck-1.zip: 30%
2023-11-26T16:09:51.453Z [Modules] Streaming discord_spellcheck@1 to /home/aephus/.config/discord/0.0.35/modules/pending/discord_spellcheck-1.zip: 31%
2023-11-26T16:09:51.454Z [Modules] Streaming discord_spellcheck@1 to /home/aephus/.config/discord/0.0.35/modules/pending/discord_spellcheck-1.zip: 32%
2023-11-26T16:09:51.455Z [Modules] Streaming discord_spellcheck@1 to /home/aephus/.config/discord/0.0.35/modules/pending/discord_spellcheck-1.zip: 33%
2023-11-26T16:09:51.456Z [Modules] Streaming discord_spellcheck@1 to /home/aephus/.config/discord/0.0.35/modules/pending/discord_spellcheck-1.zip: 34%
2023-11-26T16:09:51.457Z [Modules] Streaming discord_spellcheck@1 to /home/aephus/.config/discord/0.0.35/modules/pending/discord_spellcheck-1.zip: 35%
2023-11-26T16:09:51.459Z [Modules] Streaming discord_spellcheck@1 to /home/aephus/.config/discord/0.0.35/modules/pending/discord_spellcheck-1.zip: 36%
2023-11-26T16:09:51.460Z [Modules] Streaming discord_spellcheck@1 to /home/aephus/.config/discord/0.0.35/modules/pending/discord_spellcheck-1.zip: 37%
2023-11-26T16:09:51.460Z [Modules] Streaming discord_spellcheck@1 to /home/aephus/.config/discord/0.0.35/modules/pending/discord_spellcheck-1.zip: 38%
2023-11-26T16:09:51.462Z [Modules] Streaming discord_spellcheck@1 to /home/aephus/.config/discord/0.0.35/modules/pending/discord_spellcheck-1.zip: 39%
2023-11-26T16:09:51.463Z [Modules] Streaming discord_spellcheck@1 to /home/aephus/.config/discord/0.0.35/modules/pending/discord_spellcheck-1.zip: 40%
2023-11-26T16:09:51.464Z [Modules] Streaming discord_spellcheck@1 to /home/aephus/.config/discord/0.0.35/modules/pending/discord_spellcheck-1.zip: 41%
2023-11-26T16:09:51.465Z [Modules] Streaming discord_spellcheck@1 to /home/aephus/.config/discord/0.0.35/modules/pending/discord_spellcheck-1.zip: 42%
2023-11-26T16:09:51.467Z [Modules] Streaming discord_spellcheck@1 to /home/aephus/.config/discord/0.0.35/modules/pending/discord_spellcheck-1.zip: 43%
2023-11-26T16:09:51.467Z [Modules] Streaming discord_spellcheck@1 to /home/aephus/.config/discord/0.0.35/modules/pending/discord_spellcheck-1.zip: 44%
2023-11-26T16:09:51.470Z [Modules] Streaming discord_spellcheck@1 to /home/aephus/.config/discord/0.0.35/modules/pending/discord_spellcheck-1.zip: 45%
2023-11-26T16:09:51.472Z [Modules] Streaming discord_spellcheck@1 to /home/aephus/.config/discord/0.0.35/modules/pending/discord_spellcheck-1.zip: 46%
2023-11-26T16:09:51.472Z [Modules] Streaming discord_spellcheck@1 to /home/aephus/.config/discord/0.0.35/modules/pending/discord_spellcheck-1.zip: 47%
2023-11-26T16:09:51.474Z [Modules] Streaming discord_spellcheck@1 to /home/aephus/.config/discord/0.0.35/modules/pending/discord_spellcheck-1.zip: 48%
2023-11-26T16:09:51.475Z [Modules] Streaming discord_spellcheck@1 to /home/aephus/.config/discord/0.0.35/modules/pending/discord_spellcheck-1.zip: 49%
2023-11-26T16:09:51.477Z [Modules] Streaming discord_spellcheck@1 to /home/aephus/.config/discord/0.0.35/modules/pending/discord_spellcheck-1.zip: 50%
2023-11-26T16:09:51.478Z [Modules] Streaming discord_spellcheck@1 to /home/aephus/.config/discord/0.0.35/modules/pending/discord_spellcheck-1.zip: 51%
2023-11-26T16:09:51.480Z [Modules] Streaming discord_spellcheck@1 to /home/aephus/.config/discord/0.0.35/modules/pending/discord_spellcheck-1.zip: 52%
2023-11-26T16:09:51.481Z [Modules] Streaming discord_spellcheck@1 to /home/aephus/.config/discord/0.0.35/modules/pending/discord_spellcheck-1.zip: 53%
2023-11-26T16:09:51.483Z [Modules] Streaming discord_spellcheck@1 to /home/aephus/.config/discord/0.0.35/modules/pending/discord_spellcheck-1.zip: 54%
2023-11-26T16:09:51.484Z [Modules] Streaming discord_spellcheck@1 to /home/aephus/.config/discord/0.0.35/modules/pending/discord_spellcheck-1.zip: 55%
2023-11-26T16:09:51.486Z [Modules] Streaming discord_spellcheck@1 to /home/aephus/.config/discord/0.0.35/modules/pending/discord_spellcheck-1.zip: 56%
2023-11-26T16:09:51.488Z [Modules] Streaming discord_spellcheck@1 to /home/aephus/.config/discord/0.0.35/modules/pending/discord_spellcheck-1.zip: 57%
2023-11-26T16:09:51.489Z [Modules] Streaming discord_spellcheck@1 to /home/aephus/.config/discord/0.0.35/modules/pending/discord_spellcheck-1.zip: 58%
2023-11-26T16:09:51.490Z [Modules] Streaming discord_spellcheck@1 to /home/aephus/.config/discord/0.0.35/modules/pending/discord_spellcheck-1.zip: 59%
2023-11-26T16:09:51.491Z [Modules] Streaming discord_spellcheck@1 to /home/aephus/.config/discord/0.0.35/modules/pending/discord_spellcheck-1.zip: 60%
2023-11-26T16:09:51.492Z [Modules] Streaming discord_spellcheck@1 to /home/aephus/.config/discord/0.0.35/modules/pending/discord_spellcheck-1.zip: 61%
2023-11-26T16:09:51.493Z [Modules] Streaming discord_spellcheck@1 to /home/aephus/.config/discord/0.0.35/modules/pending/discord_spellcheck-1.zip: 62%
2023-11-26T16:09:51.495Z [Modules] Streaming discord_spellcheck@1 to /home/aephus/.config/discord/0.0.35/modules/pending/discord_spellcheck-1.zip: 63%
2023-11-26T16:09:51.496Z [Modules] Streaming discord_spellcheck@1 to /home/aephus/.config/discord/0.0.35/modules/pending/discord_spellcheck-1.zip: 64%
2023-11-26T16:09:51.496Z [Modules] Streaming discord_spellcheck@1 to /home/aephus/.config/discord/0.0.35/modules/pending/discord_spellcheck-1.zip: 65%
2023-11-26T16:09:51.498Z [Modules] Streaming discord_spellcheck@1 to /home/aephus/.config/discord/0.0.35/modules/pending/discord_spellcheck-1.zip: 66%
2023-11-26T16:09:51.499Z [Modules] Streaming discord_spellcheck@1 to /home/aephus/.config/discord/0.0.35/modules/pending/discord_spellcheck-1.zip: 67%
2023-11-26T16:09:51.500Z [Modules] Streaming discord_spellcheck@1 to /home/aephus/.config/discord/0.0.35/modules/pending/discord_spellcheck-1.zip: 68%
2023-11-26T16:09:51.501Z [Modules] Streaming discord_spellcheck@1 to /home/aephus/.config/discord/0.0.35/modules/pending/discord_spellcheck-1.zip: 69%
2023-11-26T16:09:51.502Z [Modules] Streaming discord_spellcheck@1 to /home/aephus/.config/discord/0.0.35/modules/pending/discord_spellcheck-1.zip: 70%
2023-11-26T16:09:51.503Z [Modules] Streaming discord_spellcheck@1 to /home/aephus/.config/discord/0.0.35/modules/pending/discord_spellcheck-1.zip: 71%
2023-11-26T16:09:51.505Z [Modules] Streaming discord_spellcheck@1 to /home/aephus/.config/discord/0.0.35/modules/pending/discord_spellcheck-1.zip: 72%
2023-11-26T16:09:51.505Z [Modules] Streaming discord_spellcheck@1 to /home/aephus/.config/discord/0.0.35/modules/pending/discord_spellcheck-1.zip: 73%
2023-11-26T16:09:51.507Z [Modules] Streaming discord_spellcheck@1 to /home/aephus/.config/discord/0.0.35/modules/pending/discord_spellcheck-1.zip: 74%
2023-11-26T16:09:51.508Z [Modules] Streaming discord_spellcheck@1 to /home/aephus/.config/discord/0.0.35/modules/pending/discord_spellcheck-1.zip: 75%
2023-11-26T16:09:51.509Z [Modules] Streaming discord_spellcheck@1 to /home/aephus/.config/discord/0.0.35/modules/pending/discord_spellcheck-1.zip: 76%
2023-11-26T16:09:51.510Z [Modules] Streaming discord_spellcheck@1 to /home/aephus/.config/discord/0.0.35/modules/pending/discord_spellcheck-1.zip: 77%
2023-11-26T16:09:51.511Z [Modules] Streaming discord_spellcheck@1 to /home/aephus/.config/discord/0.0.35/modules/pending/discord_spellcheck-1.zip: 78%
2023-11-26T16:09:51.513Z [Modules] Streaming discord_spellcheck@1 to /home/aephus/.config/discord/0.0.35/modules/pending/discord_spellcheck-1.zip: 79%
2023-11-26T16:09:51.514Z [Modules] Streaming discord_spellcheck@1 to /home/aephus/.config/discord/0.0.35/modules/pending/discord_spellcheck-1.zip: 80%
2023-11-26T16:09:51.515Z [Modules] Streaming discord_spellcheck@1 to /home/aephus/.config/discord/0.0.35/modules/pending/discord_spellcheck-1.zip: 81%
2023-11-26T16:09:51.518Z [Modules] Streaming discord_spellcheck@1 to /home/aephus/.config/discord/0.0.35/modules/pending/discord_spellcheck-1.zip: 82%
2023-11-26T16:09:51.518Z [Modules] Streaming discord_spellcheck@1 to /home/aephus/.config/discord/0.0.35/modules/pending/discord_spellcheck-1.zip: 83%
2023-11-26T16:09:51.519Z [Modules] Streaming discord_spellcheck@1 to /home/aephus/.config/discord/0.0.35/modules/pending/discord_spellcheck-1.zip: 84%
2023-11-26T16:09:51.521Z [Modules] Streaming discord_spellcheck@1 to /home/aephus/.config/discord/0.0.35/modules/pending/discord_spellcheck-1.zip: 85%
2023-11-26T16:09:51.522Z [Modules] Streaming discord_spellcheck@1 to /home/aephus/.config/discord/0.0.35/modules/pending/discord_spellcheck-1.zip: 86%
2023-11-26T16:09:51.524Z [Modules] Streaming discord_spellcheck@1 to /home/aephus/.config/discord/0.0.35/modules/pending/discord_spellcheck-1.zip: 87%
2023-11-26T16:09:51.525Z [Modules] Streaming discord_spellcheck@1 to /home/aephus/.config/discord/0.0.35/modules/pending/discord_spellcheck-1.zip: 88%
2023-11-26T16:09:51.526Z [Modules] Streaming discord_spellcheck@1 to /home/aephus/.config/discord/0.0.35/modules/pending/discord_spellcheck-1.zip: 89%
2023-11-26T16:09:51.528Z [Modules] Streaming discord_spellcheck@1 to /home/aephus/.config/discord/0.0.35/modules/pending/discord_spellcheck-1.zip: 90%
2023-11-26T16:09:51.529Z [Modules] Streaming discord_spellcheck@1 to /home/aephus/.config/discord/0.0.35/modules/pending/discord_spellcheck-1.zip: 91%
2023-11-26T16:09:51.531Z [Modules] Streaming discord_spellcheck@1 to /home/aephus/.config/discord/0.0.35/modules/pending/discord_spellcheck-1.zip: 92%
2023-11-26T16:09:51.531Z [Modules] Streaming discord_spellcheck@1 to /home/aephus/.config/discord/0.0.35/modules/pending/discord_spellcheck-1.zip: 93%
2023-11-26T16:09:51.532Z [Modules] Streaming discord_spellcheck@1 to /home/aephus/.config/discord/0.0.35/modules/pending/discord_spellcheck-1.zip: 94%
2023-11-26T16:09:51.534Z [Modules] Streaming discord_spellcheck@1 to /home/aephus/.config/discord/0.0.35/modules/pending/discord_spellcheck-1.zip: 95%
2023-11-26T16:09:51.535Z [Modules] Streaming discord_spellcheck@1 to /home/aephus/.config/discord/0.0.35/modules/pending/discord_spellcheck-1.zip: 96%
2023-11-26T16:09:51.536Z [Modules] Streaming discord_spellcheck@1 to /home/aephus/.config/discord/0.0.35/modules/pending/discord_spellcheck-1.zip: 97%
2023-11-26T16:09:51.537Z [Modules] Streaming discord_spellcheck@1 to /home/aephus/.config/discord/0.0.35/modules/pending/discord_spellcheck-1.zip: 98%
2023-11-26T16:09:51.538Z [Modules] Streaming discord_spellcheck@1 to /home/aephus/.config/discord/0.0.35/modules/pending/discord_spellcheck-1.zip: 99%
2023-11-26T16:09:51.539Z [Modules] Streaming discord_spellcheck@1 to /home/aephus/.config/discord/0.0.35/modules/pending/discord_spellcheck-1.zip: 100%
2023-11-26T16:09:51.539Z [Modules] Fetching discord_utils@1 from https://discord.com/api/modules/stable/discord_utils/1
2023-11-26T16:09:51.539Z [Modules] Streaming discord_utils@1 to /home/aephus/.config/discord/0.0.35/modules/pending/discord_utils-1.zip
2023-11-26T16:09:51.704Z [Modules] Streaming discord_utils@1 to /home/aephus/.config/discord/0.0.35/modules/pending/discord_utils-1.zip: 2%
2023-11-26T16:09:51.765Z [Modules] Streaming discord_utils@1 to /home/aephus/.config/discord/0.0.35/modules/pending/discord_utils-1.zip: 4%
2023-11-26T16:09:51.765Z [Modules] Streaming discord_utils@1 to /home/aephus/.config/discord/0.0.35/modules/pending/discord_utils-1.zip: 8%
2023-11-26T16:09:51.766Z [Modules] Streaming discord_utils@1 to /home/aephus/.config/discord/0.0.35/modules/pending/discord_utils-1.zip: 12%
2023-11-26T16:09:51.766Z [Modules] Streaming discord_utils@1 to /home/aephus/.config/discord/0.0.35/modules/pending/discord_utils-1.zip: 16%
2023-11-26T16:09:51.766Z [Modules] Streaming discord_utils@1 to /home/aephus/.config/discord/0.0.35/modules/pending/discord_utils-1.zip: 20%
2023-11-26T16:09:51.766Z [Modules] Streaming discord_utils@1 to /home/aephus/.config/discord/0.0.35/modules/pending/discord_utils-1.zip: 25%
2023-11-26T16:09:51.767Z [Modules] Streaming discord_utils@1 to /home/aephus/.config/discord/0.0.35/modules/pending/discord_utils-1.zip: 31%
2023-11-26T16:09:51.767Z [Modules] Streaming discord_utils@1 to /home/aephus/.config/discord/0.0.35/modules/pending/discord_utils-1.zip: 37%
2023-11-26T16:09:51.767Z [Modules] Streaming discord_utils@1 to /home/aephus/.config/discord/0.0.35/modules/pending/discord_utils-1.zip: 41%
2023-11-26T16:09:51.768Z [Modules] Streaming discord_utils@1 to /home/aephus/.config/discord/0.0.35/modules/pending/discord_utils-1.zip: 45%
2023-11-26T16:09:51.768Z [Modules] Streaming discord_utils@1 to /home/aephus/.config/discord/0.0.35/modules/pending/discord_utils-1.zip: 49%
2023-11-26T16:09:51.768Z [Modules] Streaming discord_utils@1 to /home/aephus/.config/discord/0.0.35/modules/pending/discord_utils-1.zip: 53%
2023-11-26T16:09:51.768Z [Modules] Streaming discord_utils@1 to /home/aephus/.config/discord/0.0.35/modules/pending/discord_utils-1.zip: 57%
2023-11-26T16:09:51.769Z [Modules] Streaming discord_utils@1 to /home/aephus/.config/discord/0.0.35/modules/pending/discord_utils-1.zip: 61%
2023-11-26T16:09:51.769Z [Modules] Streaming discord_utils@1 to /home/aephus/.config/discord/0.0.35/modules/pending/discord_utils-1.zip: 65%
2023-11-26T16:09:51.769Z [Modules] Streaming discord_utils@1 to /home/aephus/.config/discord/0.0.35/modules/pending/discord_utils-1.zip: 69%
2023-11-26T16:09:51.770Z [Modules] Streaming discord_utils@1 to /home/aephus/.config/discord/0.0.35/modules/pending/discord_utils-1.zip: 73%
2023-11-26T16:09:51.770Z [Modules] Streaming discord_utils@1 to /home/aephus/.config/discord/0.0.35/modules/pending/discord_utils-1.zip: 77%
2023-11-26T16:09:51.770Z [Modules] Streaming discord_utils@1 to /home/aephus/.config/discord/0.0.35/modules/pending/discord_utils-1.zip: 83%
2023-11-26T16:09:51.770Z [Modules] Streaming discord_utils@1 to /home/aephus/.config/discord/0.0.35/modules/pending/discord_utils-1.zip: 88%
2023-11-26T16:09:51.771Z [Modules] Streaming discord_utils@1 to /home/aephus/.config/discord/0.0.35/modules/pending/discord_utils-1.zip: 92%
2023-11-26T16:09:51.771Z [Modules] Streaming discord_utils@1 to /home/aephus/.config/discord/0.0.35/modules/pending/discord_utils-1.zip: 96%
2023-11-26T16:09:51.771Z [Modules] Streaming discord_utils@1 to /home/aephus/.config/discord/0.0.35/modules/pending/discord_utils-1.zip: 100%
2023-11-26T16:09:51.772Z [Modules] Fetching discord_voice@1 from https://discord.com/api/modules/stable/discord_voice/1
2023-11-26T16:09:51.772Z [Modules] Streaming discord_voice@1 to /home/aephus/.config/discord/0.0.35/modules/pending/discord_voice-1.zip
2023-11-26T16:09:51.933Z [Modules] Streaming discord_voice@1 to /home/aephus/.config/discord/0.0.35/modules/pending/discord_voice-1.zip: 1%
2023-11-26T16:09:51.939Z [Modules] Streaming discord_voice@1 to /home/aephus/.config/discord/0.0.35/modules/pending/discord_voice-1.zip: 2%
2023-11-26T16:09:51.948Z [Modules] Streaming discord_voice@1 to /home/aephus/.config/discord/0.0.35/modules/pending/discord_voice-1.zip: 3%
2023-11-26T16:09:51.950Z [Modules] Streaming discord_voice@1 to /home/aephus/.config/discord/0.0.35/modules/pending/discord_voice-1.zip: 4%
2023-11-26T16:09:51.951Z [Modules] Streaming discord_voice@1 to /home/aephus/.config/discord/0.0.35/modules/pending/discord_voice-1.zip: 5%
2023-11-26T16:09:51.951Z [Modules] Streaming discord_voice@1 to /home/aephus/.config/discord/0.0.35/modules/pending/discord_voice-1.zip: 6%
2023-11-26T16:09:51.952Z [Modules] Streaming discord_voice@1 to /home/aephus/.config/discord/0.0.35/modules/pending/discord_voice-1.zip: 7%
2023-11-26T16:09:51.953Z [Modules] Streaming discord_voice@1 to /home/aephus/.config/discord/0.0.35/modules/pending/discord_voice-1.zip: 8%
2023-11-26T16:09:51.956Z [Modules] Streaming discord_voice@1 to /home/aephus/.config/discord/0.0.35/modules/pending/discord_voice-1.zip: 9%
2023-11-26T16:09:51.958Z [Modules] Streaming discord_voice@1 to /home/aephus/.config/discord/0.0.35/modules/pending/discord_voice-1.zip: 10%
2023-11-26T16:09:51.960Z [Modules] Streaming discord_voice@1 to /home/aephus/.config/discord/0.0.35/modules/pending/discord_voice-1.zip: 11%
2023-11-26T16:09:51.963Z [Modules] Streaming discord_voice@1 to /home/aephus/.config/discord/0.0.35/modules/pending/discord_voice-1.zip: 12%
2023-11-26T16:09:51.965Z [Modules] Streaming discord_voice@1 to /home/aephus/.config/discord/0.0.35/modules/pending/discord_voice-1.zip: 13%
2023-11-26T16:09:51.967Z [Modules] Streaming discord_voice@1 to /home/aephus/.config/discord/0.0.35/modules/pending/discord_voice-1.zip: 14%
2023-11-26T16:09:51.969Z [Modules] Streaming discord_voice@1 to /home/aephus/.config/discord/0.0.35/modules/pending/discord_voice-1.zip: 15%
2023-11-26T16:09:51.972Z [Modules] Streaming discord_voice@1 to /home/aephus/.config/discord/0.0.35/modules/pending/discord_voice-1.zip: 16%
2023-11-26T16:09:51.974Z [Modules] Streaming discord_voice@1 to /home/aephus/.config/discord/0.0.35/modules/pending/discord_voice-1.zip: 17%
2023-11-26T16:09:51.977Z [Modules] Streaming discord_voice@1 to /home/aephus/.config/discord/0.0.35/modules/pending/discord_voice-1.zip: 18%
2023-11-26T16:09:51.980Z [Modules] Streaming discord_voice@1 to /home/aephus/.config/discord/0.0.35/modules/pending/discord_voice-1.zip: 19%
2023-11-26T16:09:51.982Z [Modules] Streaming discord_voice@1 to /home/aephus/.config/discord/0.0.35/modules/pending/discord_voice-1.zip: 20%
2023-11-26T16:09:51.984Z [Modules] Streaming discord_voice@1 to /home/aephus/.config/discord/0.0.35/modules/pending/discord_voice-1.zip: 21%
2023-11-26T16:09:51.986Z [Modules] Streaming discord_voice@1 to /home/aephus/.config/discord/0.0.35/modules/pending/discord_voice-1.zip: 22%
2023-11-26T16:09:51.988Z [Modules] Streaming discord_voice@1 to /home/aephus/.config/discord/0.0.35/modules/pending/discord_voice-1.zip: 23%
2023-11-26T16:09:51.991Z [Modules] Streaming discord_voice@1 to /home/aephus/.config/discord/0.0.35/modules/pending/discord_voice-1.zip: 24%
2023-11-26T16:09:51.993Z [Modules] Streaming discord_voice@1 to /home/aephus/.config/discord/0.0.35/modules/pending/discord_voice-1.zip: 25%
2023-11-26T16:09:51.996Z [Modules] Streaming discord_voice@1 to /home/aephus/.config/discord/0.0.35/modules/pending/discord_voice-1.zip: 26%
2023-11-26T16:09:51.998Z [Modules] Streaming discord_voice@1 to /home/aephus/.config/discord/0.0.35/modules/pending/discord_voice-1.zip: 27%
2023-11-26T16:09:52.000Z [Modules] Streaming discord_voice@1 to /home/aephus/.config/discord/0.0.35/modules/pending/discord_voice-1.zip: 28%
2023-11-26T16:09:52.003Z [Modules] Streaming discord_voice@1 to /home/aephus/.config/discord/0.0.35/modules/pending/discord_voice-1.zip: 29%
2023-11-26T16:09:52.005Z [Modules] Streaming discord_voice@1 to /home/aephus/.config/discord/0.0.35/modules/pending/discord_voice-1.zip: 30%
2023-11-26T16:09:52.007Z [Modules] Streaming discord_voice@1 to /home/aephus/.config/discord/0.0.35/modules/pending/discord_voice-1.zip: 31%
2023-11-26T16:09:52.010Z [Modules] Streaming discord_voice@1 to /home/aephus/.config/discord/0.0.35/modules/pending/discord_voice-1.zip: 32%
2023-11-26T16:09:52.012Z [Modules] Streaming discord_voice@1 to /home/aephus/.config/discord/0.0.35/modules/pending/discord_voice-1.zip: 33%
2023-11-26T16:09:52.015Z [Modules] Streaming discord_voice@1 to /home/aephus/.config/discord/0.0.35/modules/pending/discord_voice-1.zip: 34%
2023-11-26T16:09:52.018Z [Modules] Streaming discord_voice@1 to /home/aephus/.config/discord/0.0.35/modules/pending/discord_voice-1.zip: 35%
2023-11-26T16:09:52.021Z [Modules] Streaming discord_voice@1 to /home/aephus/.config/discord/0.0.35/modules/pending/discord_voice-1.zip: 36%
2023-11-26T16:09:52.023Z [Modules] Streaming discord_voice@1 to /home/aephus/.config/discord/0.0.35/modules/pending/discord_voice-1.zip: 37%
2023-11-26T16:09:52.026Z [Modules] Streaming discord_voice@1 to /home/aephus/.config/discord/0.0.35/modules/pending/discord_voice-1.zip: 38%
2023-11-26T16:09:52.030Z [Modules] Streaming discord_voice@1 to /home/aephus/.config/discord/0.0.35/modules/pending/discord_voice-1.zip: 39%
2023-11-26T16:09:52.032Z [Modules] Streaming discord_voice@1 to /home/aephus/.config/discord/0.0.35/modules/pending/discord_voice-1.zip: 40%
2023-11-26T16:09:52.035Z [Modules] Streaming discord_voice@1 to /home/aephus/.config/discord/0.0.35/modules/pending/discord_voice-1.zip: 41%
2023-11-26T16:09:52.036Z [Modules] Streaming discord_voice@1 to /home/aephus/.config/discord/0.0.35/modules/pending/discord_voice-1.zip: 42%
2023-11-26T16:09:52.039Z [Modules] Streaming discord_voice@1 to /home/aephus/.config/discord/0.0.35/modules/pending/discord_voice-1.zip: 43%
2023-11-26T16:09:52.041Z [Modules] Streaming discord_voice@1 to /home/aephus/.config/discord/0.0.35/modules/pending/discord_voice-1.zip: 44%
2023-11-26T16:09:52.043Z [Modules] Streaming discord_voice@1 to /home/aephus/.config/discord/0.0.35/modules/pending/discord_voice-1.zip: 45%
2023-11-26T16:09:52.046Z [Modules] Streaming discord_voice@1 to /home/aephus/.config/discord/0.0.35/modules/pending/discord_voice-1.zip: 46%
2023-11-26T16:09:52.048Z [Modules] Streaming discord_voice@1 to /home/aephus/.config/discord/0.0.35/modules/pending/discord_voice-1.zip: 47%
2023-11-26T16:09:52.050Z [Modules] Streaming discord_voice@1 to /home/aephus/.config/discord/0.0.35/modules/pending/discord_voice-1.zip: 48%
2023-11-26T16:09:52.053Z [Modules] Streaming discord_voice@1 to /home/aephus/.config/discord/0.0.35/modules/pending/discord_voice-1.zip: 49%
2023-11-26T16:09:52.055Z [Modules] Streaming discord_voice@1 to /home/aephus/.config/discord/0.0.35/modules/pending/discord_voice-1.zip: 50%
2023-11-26T16:09:52.058Z [Modules] Streaming discord_voice@1 to /home/aephus/.config/discord/0.0.35/modules/pending/discord_voice-1.zip: 51%
2023-11-26T16:09:52.060Z [Modules] Streaming discord_voice@1 to /home/aephus/.config/discord/0.0.35/modules/pending/discord_voice-1.zip: 52%
2023-11-26T16:09:52.063Z [Modules] Streaming discord_voice@1 to /home/aephus/.config/discord/0.0.35/modules/pending/discord_voice-1.zip: 53%
2023-11-26T16:09:52.065Z [Modules] Streaming discord_voice@1 to /home/aephus/.config/discord/0.0.35/modules/pending/discord_voice-1.zip: 54%
2023-11-26T16:09:52.068Z [Modules] Streaming discord_voice@1 to /home/aephus/.config/discord/0.0.35/modules/pending/discord_voice-1.zip: 55%
2023-11-26T16:09:52.071Z [Modules] Streaming discord_voice@1 to /home/aephus/.config/discord/0.0.35/modules/pending/discord_voice-1.zip: 56%
2023-11-26T16:09:52.073Z [Modules] Streaming discord_voice@1 to /home/aephus/.config/discord/0.0.35/modules/pending/discord_voice-1.zip: 57%
2023-11-26T16:09:52.077Z [Modules] Streaming discord_voice@1 to /home/aephus/.config/discord/0.0.35/modules/pending/discord_voice-1.zip: 58%
2023-11-26T16:09:52.079Z [Modules] Streaming discord_voice@1 to /home/aephus/.config/discord/0.0.35/modules/pending/discord_voice-1.zip: 59%
2023-11-26T16:09:52.082Z [Modules] Streaming discord_voice@1 to /home/aephus/.config/discord/0.0.35/modules/pending/discord_voice-1.zip: 60%
2023-11-26T16:09:52.084Z [Modules] Streaming discord_voice@1 to /home/aephus/.config/discord/0.0.35/modules/pending/discord_voice-1.zip: 61%
2023-11-26T16:09:52.087Z [Modules] Streaming discord_voice@1 to /home/aephus/.config/discord/0.0.35/modules/pending/discord_voice-1.zip: 62%
2023-11-26T16:09:52.089Z [Modules] Streaming discord_voice@1 to /home/aephus/.config/discord/0.0.35/modules/pending/discord_voice-1.zip: 63%
2023-11-26T16:09:52.092Z [Modules] Streaming discord_voice@1 to /home/aephus/.config/discord/0.0.35/modules/pending/discord_voice-1.zip: 64%
2023-11-26T16:09:52.103Z [Modules] Streaming discord_voice@1 to /home/aephus/.config/discord/0.0.35/modules/pending/discord_voice-1.zip: 65%
2023-11-26T16:09:52.103Z [Modules] Streaming discord_voice@1 to /home/aephus/.config/discord/0.0.35/modules/pending/discord_voice-1.zip: 66%
2023-11-26T16:09:52.103Z [Modules] Streaming discord_voice@1 to /home/aephus/.config/discord/0.0.35/modules/pending/discord_voice-1.zip: 67%
2023-11-26T16:09:52.104Z [Modules] Streaming discord_voice@1 to /home/aephus/.config/discord/0.0.35/modules/pending/discord_voice-1.zip: 68%
2023-11-26T16:09:52.105Z [Modules] Streaming discord_voice@1 to /home/aephus/.config/discord/0.0.35/modules/pending/discord_voice-1.zip: 69%
2023-11-26T16:09:52.110Z [Modules] Streaming discord_voice@1 to /home/aephus/.config/discord/0.0.35/modules/pending/discord_voice-1.zip: 70%
2023-11-26T16:09:52.115Z [Modules] Streaming discord_voice@1 to /home/aephus/.config/discord/0.0.35/modules/pending/discord_voice-1.zip: 71%
2023-11-26T16:09:52.121Z [Modules] Streaming discord_voice@1 to /home/aephus/.config/discord/0.0.35/modules/pending/discord_voice-1.zip: 72%
2023-11-26T16:09:52.123Z [Modules] Streaming discord_voice@1 to /home/aephus/.config/discord/0.0.35/modules/pending/discord_voice-1.zip: 73%
2023-11-26T16:09:52.125Z [Modules] Streaming discord_voice@1 to /home/aephus/.config/discord/0.0.35/modules/pending/discord_voice-1.zip: 74%
2023-11-26T16:09:52.127Z [Modules] Streaming discord_voice@1 to /home/aephus/.config/discord/0.0.35/modules/pending/discord_voice-1.zip: 75%
2023-11-26T16:09:52.129Z [Modules] Streaming discord_voice@1 to /home/aephus/.config/discord/0.0.35/modules/pending/discord_voice-1.zip: 76%
2023-11-26T16:09:52.132Z [Modules] Streaming discord_voice@1 to /home/aephus/.config/discord/0.0.35/modules/pending/discord_voice-1.zip: 77%
2023-11-26T16:09:52.134Z [Modules] Streaming discord_voice@1 to /home/aephus/.config/discord/0.0.35/modules/pending/discord_voice-1.zip: 78%
2023-11-26T16:09:52.136Z [Modules] Streaming discord_voice@1 to /home/aephus/.config/discord/0.0.35/modules/pending/discord_voice-1.zip: 79%
2023-11-26T16:09:52.139Z [Modules] Streaming discord_voice@1 to /home/aephus/.config/discord/0.0.35/modules/pending/discord_voice-1.zip: 80%
2023-11-26T16:09:52.141Z [Modules] Streaming discord_voice@1 to /home/aephus/.config/discord/0.0.35/modules/pending/discord_voice-1.zip: 81%
2023-11-26T16:09:52.143Z [Modules] Streaming discord_voice@1 to /home/aephus/.config/discord/0.0.35/modules/pending/discord_voice-1.zip: 82%
2023-11-26T16:09:52.146Z [Modules] Streaming discord_voice@1 to /home/aephus/.config/discord/0.0.35/modules/pending/discord_voice-1.zip: 83%
2023-11-26T16:09:52.148Z [Modules] Streaming discord_voice@1 to /home/aephus/.config/discord/0.0.35/modules/pending/discord_voice-1.zip: 84%
2023-11-26T16:09:52.151Z [Modules] Streaming discord_voice@1 to /home/aephus/.config/discord/0.0.35/modules/pending/discord_voice-1.zip: 85%
2023-11-26T16:09:52.153Z [Modules] Streaming discord_voice@1 to /home/aephus/.config/discord/0.0.35/modules/pending/discord_voice-1.zip: 86%
2023-11-26T16:09:52.156Z [Modules] Streaming discord_voice@1 to /home/aephus/.config/discord/0.0.35/modules/pending/discord_voice-1.zip: 87%
2023-11-26T16:09:52.159Z [Modules] Streaming discord_voice@1 to /home/aephus/.config/discord/0.0.35/modules/pending/discord_voice-1.zip: 88%
2023-11-26T16:09:52.162Z [Modules] Streaming discord_voice@1 to /home/aephus/.config/discord/0.0.35/modules/pending/discord_voice-1.zip: 89%
2023-11-26T16:09:52.164Z [Modules] Streaming discord_voice@1 to /home/aephus/.config/discord/0.0.35/modules/pending/discord_voice-1.zip: 90%
2023-11-26T16:09:52.168Z [Modules] Streaming discord_voice@1 to /home/aephus/.config/discord/0.0.35/modules/pending/discord_voice-1.zip: 91%
2023-11-26T16:09:52.171Z [Modules] Streaming discord_voice@1 to /home/aephus/.config/discord/0.0.35/modules/pending/discord_voice-1.zip: 92%
2023-11-26T16:09:52.173Z [Modules] Streaming discord_voice@1 to /home/aephus/.config/discord/0.0.35/modules/pending/discord_voice-1.zip: 93%
2023-11-26T16:09:52.176Z [Modules] Streaming discord_voice@1 to /home/aephus/.config/discord/0.0.35/modules/pending/discord_voice-1.zip: 94%
2023-11-26T16:09:52.177Z [Modules] Streaming discord_voice@1 to /home/aephus/.config/discord/0.0.35/modules/pending/discord_voice-1.zip: 95%
2023-11-26T16:09:52.180Z [Modules] Streaming discord_voice@1 to /home/aephus/.config/discord/0.0.35/modules/pending/discord_voice-1.zip: 96%
2023-11-26T16:09:52.182Z [Modules] Streaming discord_voice@1 to /home/aephus/.config/discord/0.0.35/modules/pending/discord_voice-1.zip: 97%
2023-11-26T16:09:52.184Z [Modules] Streaming discord_voice@1 to /home/aephus/.config/discord/0.0.35/modules/pending/discord_voice-1.zip: 98%
2023-11-26T16:09:52.187Z [Modules] Streaming discord_voice@1 to /home/aephus/.config/discord/0.0.35/modules/pending/discord_voice-1.zip: 99%
2023-11-26T16:09:52.189Z [Modules] Streaming discord_voice@1 to /home/aephus/.config/discord/0.0.35/modules/pending/discord_voice-1.zip: 100%
2023-11-26T16:09:52.189Z [Modules] Finished module downloads. [success: 5] [failure: 0]
2023-11-26T16:09:52.189Z [Modules] Installing updates...
2023-11-26T16:09:52.189Z [Modules] Installing discord_desktop_core@1 from /home/aephus/.config/discord/0.0.35/modules/pending/discord_desktop_core-1.zip
2023-11-26T16:09:52.230Z [Modules] Installing discord_erlpack@1 from /home/aephus/.config/discord/0.0.35/modules/pending/discord_erlpack-1.zip
2023-11-26T16:09:52.256Z [Modules] Installing discord_spellcheck@1 from /home/aephus/.config/discord/0.0.35/modules/pending/discord_spellcheck-1.zip
2023-11-26T16:09:52.606Z [Modules] Installing discord_utils@1 from /home/aephus/.config/discord/0.0.35/modules/pending/discord_utils-1.zip
2023-11-26T16:09:52.710Z [Modules] Installing discord_voice@1 from /home/aephus/.config/discord/0.0.35/modules/pending/discord_voice-1.zip
2023-11-26T16:09:53.073Z [Modules] Finished module installations. [success: 5] [failure: 0]
2023-11-26T16:09:53.073Z [Modules] Checking for host updates.
2023-11-26T16:09:53.213Z [Modules] Host is up to date.
2023-11-26T16:09:53.213Z [Modules] Checking for module updates at https://discord.com/api/modules/stable/versions.json
2023-11-26T16:09:53.231Z [Modules] No module updates available.
2023-11-26T16:09:53.950Z [Modules] Starting to install discord_krisp...
2023-11-26T16:09:53.951Z [Modules] Fetching discord_krisp@1 from https://discord.com/api/modules/stable/discord_krisp/1
2023-11-26T16:09:53.951Z [Modules] Streaming discord_krisp@1 to /home/aephus/.config/discord/0.0.35/modules/pending/discord_krisp-1.zip
2023-11-26T16:09:53.954Z [Modules] Starting to install discord_game_utils...
2023-11-26T16:09:54.180Z [Modules] Streaming discord_krisp@1 to /home/aephus/.config/discord/0.0.35/modules/pending/discord_krisp-1.zip: 1%
2023-11-26T16:09:54.184Z [Modules] Streaming discord_krisp@1 to /home/aephus/.config/discord/0.0.35/modules/pending/discord_krisp-1.zip: 2%
2023-11-26T16:09:54.201Z [Modules] Streaming discord_krisp@1 to /home/aephus/.config/discord/0.0.35/modules/pending/discord_krisp-1.zip: 3%
2023-11-26T16:09:54.203Z [Modules] Streaming discord_krisp@1 to /home/aephus/.config/discord/0.0.35/modules/pending/discord_krisp-1.zip: 4%
2023-11-26T16:09:54.206Z [Modules] Streaming discord_krisp@1 to /home/aephus/.config/discord/0.0.35/modules/pending/discord_krisp-1.zip: 5%
2023-11-26T16:09:54.207Z [Modules] Streaming discord_krisp@1 to /home/aephus/.config/discord/0.0.35/modules/pending/discord_krisp-1.zip: 6%
2023-11-26T16:09:54.208Z [Modules] Streaming discord_krisp@1 to /home/aephus/.config/discord/0.0.35/modules/pending/discord_krisp-1.zip: 7%
2023-11-26T16:09:54.208Z [Modules] Streaming discord_krisp@1 to /home/aephus/.config/discord/0.0.35/modules/pending/discord_krisp-1.zip: 8%
2023-11-26T16:09:54.209Z [Modules] Streaming discord_krisp@1 to /home/aephus/.config/discord/0.0.35/modules/pending/discord_krisp-1.zip: 9%
2023-11-26T16:09:54.211Z [Modules] Streaming discord_krisp@1 to /home/aephus/.config/discord/0.0.35/modules/pending/discord_krisp-1.zip: 10%
2023-11-26T16:09:54.214Z [Modules] Streaming discord_krisp@1 to /home/aephus/.config/discord/0.0.35/modules/pending/discord_krisp-1.zip: 11%
2023-11-26T16:09:54.216Z [Modules] Streaming discord_krisp@1 to /home/aephus/.config/discord/0.0.35/modules/pending/discord_krisp-1.zip: 12%
2023-11-26T16:09:54.218Z [Modules] Streaming discord_krisp@1 to /home/aephus/.config/discord/0.0.35/modules/pending/discord_krisp-1.zip: 13%
2023-11-26T16:09:54.221Z [Modules] Streaming discord_krisp@1 to /home/aephus/.config/discord/0.0.35/modules/pending/discord_krisp-1.zip: 14%
2023-11-26T16:09:54.224Z [Modules] Streaming discord_krisp@1 to /home/aephus/.config/discord/0.0.35/modules/pending/discord_krisp-1.zip: 15%
2023-11-26T16:09:54.227Z [Modules] Streaming discord_krisp@1 to /home/aephus/.config/discord/0.0.35/modules/pending/discord_krisp-1.zip: 16%
2023-11-26T16:09:54.229Z [Modules] Streaming discord_krisp@1 to /home/aephus/.config/discord/0.0.35/modules/pending/discord_krisp-1.zip: 17%
2023-11-26T16:09:54.232Z [Modules] Streaming discord_krisp@1 to /home/aephus/.config/discord/0.0.35/modules/pending/discord_krisp-1.zip: 18%
2023-11-26T16:09:54.232Z [Modules] Checking for host updates.
2023-11-26T16:09:54.234Z [Modules] Streaming discord_krisp@1 to /home/aephus/.config/discord/0.0.35/modules/pending/discord_krisp-1.zip: 19%
2023-11-26T16:09:54.236Z [Modules] Streaming discord_krisp@1 to /home/aephus/.config/discord/0.0.35/modules/pending/discord_krisp-1.zip: 20%
2023-11-26T16:09:54.239Z [Modules] Streaming discord_krisp@1 to /home/aephus/.config/discord/0.0.35/modules/pending/discord_krisp-1.zip: 21%
2023-11-26T16:09:54.241Z [Modules] Streaming discord_krisp@1 to /home/aephus/.config/discord/0.0.35/modules/pending/discord_krisp-1.zip: 22%
2023-11-26T16:09:54.245Z [Modules] Streaming discord_krisp@1 to /home/aephus/.config/discord/0.0.35/modules/pending/discord_krisp-1.zip: 23%
2023-11-26T16:09:54.248Z [Modules] Streaming discord_krisp@1 to /home/aephus/.config/discord/0.0.35/modules/pending/discord_krisp-1.zip: 24%
2023-11-26T16:09:54.251Z [Modules] Streaming discord_krisp@1 to /home/aephus/.config/discord/0.0.35/modules/pending/discord_krisp-1.zip: 25%
2023-11-26T16:09:54.254Z [Modules] Streaming discord_krisp@1 to /home/aephus/.config/discord/0.0.35/modules/pending/discord_krisp-1.zip: 26%
2023-11-26T16:09:54.257Z [Modules] Streaming discord_krisp@1 to /home/aephus/.config/discord/0.0.35/modules/pending/discord_krisp-1.zip: 27%
2023-11-26T16:09:54.260Z [Modules] Streaming discord_krisp@1 to /home/aephus/.config/discord/0.0.35/modules/pending/discord_krisp-1.zip: 28%
2023-11-26T16:09:54.263Z [Modules] Streaming discord_krisp@1 to /home/aephus/.config/discord/0.0.35/modules/pending/discord_krisp-1.zip: 29%
2023-11-26T16:09:54.266Z [Modules] Streaming discord_krisp@1 to /home/aephus/.config/discord/0.0.35/modules/pending/discord_krisp-1.zip: 30%
2023-11-26T16:09:54.269Z [Modules] Streaming discord_krisp@1 to /home/aephus/.config/discord/0.0.35/modules/pending/discord_krisp-1.zip: 31%
2023-11-26T16:09:54.271Z [Modules] Streaming discord_krisp@1 to /home/aephus/.config/discord/0.0.35/modules/pending/discord_krisp-1.zip: 32%
2023-11-26T16:09:54.274Z [Modules] Streaming discord_krisp@1 to /home/aephus/.config/discord/0.0.35/modules/pending/discord_krisp-1.zip: 33%
2023-11-26T16:09:54.276Z [Modules] Streaming discord_krisp@1 to /home/aephus/.config/discord/0.0.35/modules/pending/discord_krisp-1.zip: 34%
2023-11-26T16:09:54.276Z [Modules] Starting to install discord_rpc...
2023-11-26T16:09:54.279Z [Modules] Streaming discord_krisp@1 to /home/aephus/.config/discord/0.0.35/modules/pending/discord_krisp-1.zip: 35%
2023-11-26T16:09:54.281Z [Modules] Streaming discord_krisp@1 to /home/aephus/.config/discord/0.0.35/modules/pending/discord_krisp-1.zip: 36%
2023-11-26T16:09:54.283Z [Modules] Streaming discord_krisp@1 to /home/aephus/.config/discord/0.0.35/modules/pending/discord_krisp-1.zip: 37%
2023-11-26T16:09:54.286Z [Modules] Streaming discord_krisp@1 to /home/aephus/.config/discord/0.0.35/modules/pending/discord_krisp-1.zip: 38%
2023-11-26T16:09:54.289Z [Modules] Streaming discord_krisp@1 to /home/aephus/.config/discord/0.0.35/modules/pending/discord_krisp-1.zip: 39%
2023-11-26T16:09:54.291Z [Modules] Streaming discord_krisp@1 to /home/aephus/.config/discord/0.0.35/modules/pending/discord_krisp-1.zip: 40%
2023-11-26T16:09:54.294Z [Modules] Streaming discord_krisp@1 to /home/aephus/.config/discord/0.0.35/modules/pending/discord_krisp-1.zip: 41%
2023-11-26T16:09:54.297Z [Modules] Streaming discord_krisp@1 to /home/aephus/.config/discord/0.0.35/modules/pending/discord_krisp-1.zip: 42%
2023-11-26T16:09:54.301Z [Modules] Streaming discord_krisp@1 to /home/aephus/.config/discord/0.0.35/modules/pending/discord_krisp-1.zip: 43%
2023-11-26T16:09:54.303Z [Modules] Streaming discord_krisp@1 to /home/aephus/.config/discord/0.0.35/modules/pending/discord_krisp-1.zip: 44%
2023-11-26T16:09:54.307Z [Modules] Streaming discord_krisp@1 to /home/aephus/.config/discord/0.0.35/modules/pending/discord_krisp-1.zip: 45%
2023-11-26T16:09:54.310Z [Modules] Streaming discord_krisp@1 to /home/aephus/.config/discord/0.0.35/modules/pending/discord_krisp-1.zip: 46%
2023-11-26T16:09:54.313Z [Modules] Streaming discord_krisp@1 to /home/aephus/.config/discord/0.0.35/modules/pending/discord_krisp-1.zip: 47%
2023-11-26T16:09:54.316Z [Modules] Streaming discord_krisp@1 to /home/aephus/.config/discord/0.0.35/modules/pending/discord_krisp-1.zip: 48%
2023-11-26T16:09:54.318Z [Modules] Streaming discord_krisp@1 to /home/aephus/.config/discord/0.0.35/modules/pending/discord_krisp-1.zip: 49%
2023-11-26T16:09:54.321Z [Modules] Streaming discord_krisp@1 to /home/aephus/.config/discord/0.0.35/modules/pending/discord_krisp-1.zip: 50%
2023-11-26T16:09:54.323Z [Modules] Streaming discord_krisp@1 to /home/aephus/.config/discord/0.0.35/modules/pending/discord_krisp-1.zip: 51%
2023-11-26T16:09:54.325Z [Modules] Streaming discord_krisp@1 to /home/aephus/.config/discord/0.0.35/modules/pending/discord_krisp-1.zip: 52%
2023-11-26T16:09:54.329Z [Modules] Streaming discord_krisp@1 to /home/aephus/.config/discord/0.0.35/modules/pending/discord_krisp-1.zip: 53%
2023-11-26T16:09:54.331Z [Modules] Streaming discord_krisp@1 to /home/aephus/.config/discord/0.0.35/modules/pending/discord_krisp-1.zip: 54%
2023-11-26T16:09:54.334Z [Modules] Streaming discord_krisp@1 to /home/aephus/.config/discord/0.0.35/modules/pending/discord_krisp-1.zip: 55%
2023-11-26T16:09:54.338Z [Modules] Streaming discord_krisp@1 to /home/aephus/.config/discord/0.0.35/modules/pending/discord_krisp-1.zip: 56%
2023-11-26T16:09:54.343Z [Modules] Streaming discord_krisp@1 to /home/aephus/.config/discord/0.0.35/modules/pending/discord_krisp-1.zip: 57%
2023-11-26T16:09:54.348Z [Modules] Streaming discord_krisp@1 to /home/aephus/.config/discord/0.0.35/modules/pending/discord_krisp-1.zip: 58%
2023-11-26T16:09:54.356Z [Modules] Streaming discord_krisp@1 to /home/aephus/.config/discord/0.0.35/modules/pending/discord_krisp-1.zip: 59%
2023-11-26T16:09:54.360Z [Modules] Streaming discord_krisp@1 to /home/aephus/.config/discord/0.0.35/modules/pending/discord_krisp-1.zip: 60%
2023-11-26T16:09:54.370Z [Modules] Streaming discord_krisp@1 to /home/aephus/.config/discord/0.0.35/modules/pending/discord_krisp-1.zip: 61%
2023-11-26T16:09:54.372Z [Modules] Streaming discord_krisp@1 to /home/aephus/.config/discord/0.0.35/modules/pending/discord_krisp-1.zip: 62%
2023-11-26T16:09:54.373Z [Modules] Host is up to date.
2023-11-26T16:09:54.373Z [Modules] Checking for module updates at https://discord.com/api/modules/stable/versions.json
2023-11-26T16:09:54.374Z [Modules] Streaming discord_krisp@1 to /home/aephus/.config/discord/0.0.35/modules/pending/discord_krisp-1.zip: 63%
2023-11-26T16:09:54.376Z [Modules] Streaming discord_krisp@1 to /home/aephus/.config/discord/0.0.35/modules/pending/discord_krisp-1.zip: 64%
2023-11-26T16:09:54.379Z [Modules] Streaming discord_krisp@1 to /home/aephus/.config/discord/0.0.35/modules/pending/discord_krisp-1.zip: 65%
2023-11-26T16:09:54.382Z [Modules] Streaming discord_krisp@1 to /home/aephus/.config/discord/0.0.35/modules/pending/discord_krisp-1.zip: 66%
2023-11-26T16:09:54.384Z [Modules] Streaming discord_krisp@1 to /home/aephus/.config/discord/0.0.35/modules/pending/discord_krisp-1.zip: 67%
2023-11-26T16:09:54.387Z [Modules] Streaming discord_krisp@1 to /home/aephus/.config/discord/0.0.35/modules/pending/discord_krisp-1.zip: 68%
2023-11-26T16:09:54.389Z [Modules] Streaming discord_krisp@1 to /home/aephus/.config/discord/0.0.35/modules/pending/discord_krisp-1.zip: 69%
2023-11-26T16:09:54.391Z [Modules] No module updates available.
2023-11-26T16:09:54.392Z [Modules] Streaming discord_krisp@1 to /home/aephus/.config/discord/0.0.35/modules/pending/discord_krisp-1.zip: 70%
2023-11-26T16:09:54.395Z [Modules] Streaming discord_krisp@1 to /home/aephus/.config/discord/0.0.35/modules/pending/discord_krisp-1.zip: 71%
2023-11-26T16:09:54.398Z [Modules] Streaming discord_krisp@1 to /home/aephus/.config/discord/0.0.35/modules/pending/discord_krisp-1.zip: 72%
2023-11-26T16:09:54.402Z [Modules] Streaming discord_krisp@1 to /home/aephus/.config/discord/0.0.35/modules/pending/discord_krisp-1.zip: 73%
2023-11-26T16:09:54.405Z [Modules] Streaming discord_krisp@1 to /home/aephus/.config/discord/0.0.35/modules/pending/discord_krisp-1.zip: 74%
2023-11-26T16:09:54.408Z [Modules] Streaming discord_krisp@1 to /home/aephus/.config/discord/0.0.35/modules/pending/discord_krisp-1.zip: 75%
2023-11-26T16:09:54.411Z [Modules] Streaming discord_krisp@1 to /home/aephus/.config/discord/0.0.35/modules/pending/discord_krisp-1.zip: 76%
2023-11-26T16:09:54.414Z [Modules] Streaming discord_krisp@1 to /home/aephus/.config/discord/0.0.35/modules/pending/discord_krisp-1.zip: 77%
2023-11-26T16:09:54.417Z [Modules] Streaming discord_krisp@1 to /home/aephus/.config/discord/0.0.35/modules/pending/discord_krisp-1.zip: 78%
2023-11-26T16:09:54.419Z [Modules] Streaming discord_krisp@1 to /home/aephus/.config/discord/0.0.35/modules/pending/discord_krisp-1.zip: 79%
2023-11-26T16:09:54.422Z [Modules] Streaming discord_krisp@1 to /home/aephus/.config/discord/0.0.35/modules/pending/discord_krisp-1.zip: 80%
2023-11-26T16:09:54.424Z [Modules] Streaming discord_krisp@1 to /home/aephus/.config/discord/0.0.35/modules/pending/discord_krisp-1.zip: 81%
2023-11-26T16:09:54.427Z [Modules] Streaming discord_krisp@1 to /home/aephus/.config/discord/0.0.35/modules/pending/discord_krisp-1.zip: 82%
2023-11-26T16:09:54.429Z [Modules] Streaming discord_krisp@1 to /home/aephus/.config/discord/0.0.35/modules/pending/discord_krisp-1.zip: 83%
2023-11-26T16:09:54.432Z [Modules] Streaming discord_krisp@1 to /home/aephus/.config/discord/0.0.35/modules/pending/discord_krisp-1.zip: 84%
2023-11-26T16:09:54.434Z [Modules] Streaming discord_krisp@1 to /home/aephus/.config/discord/0.0.35/modules/pending/discord_krisp-1.zip: 85%
2023-11-26T16:09:54.437Z [Modules] Streaming discord_krisp@1 to /home/aephus/.config/discord/0.0.35/modules/pending/discord_krisp-1.zip: 86%
2023-11-26T16:09:54.439Z [Modules] Streaming discord_krisp@1 to /home/aephus/.config/discord/0.0.35/modules/pending/discord_krisp-1.zip: 87%
2023-11-26T16:09:54.442Z [Modules] Streaming discord_krisp@1 to /home/aephus/.config/discord/0.0.35/modules/pending/discord_krisp-1.zip: 88%
2023-11-26T16:09:54.446Z [Modules] Streaming discord_krisp@1 to /home/aephus/.config/discord/0.0.35/modules/pending/discord_krisp-1.zip: 89%
2023-11-26T16:09:54.448Z [Modules] Streaming discord_krisp@1 to /home/aephus/.config/discord/0.0.35/modules/pending/discord_krisp-1.zip: 90%
2023-11-26T16:09:54.661Z [Modules] Streaming discord_krisp@1 to /home/aephus/.config/discord/0.0.35/modules/pending/discord_krisp-1.zip: 92%
2023-11-26T16:09:54.671Z [Modules] Streaming discord_krisp@1 to /home/aephus/.config/discord/0.0.35/modules/pending/discord_krisp-1.zip: 100%
2023-11-26T16:09:54.672Z [Modules] Fetching discord_game_utils@1 from https://discord.com/api/modules/stable/discord_game_utils/1
2023-11-26T16:09:54.673Z [Modules] Streaming discord_game_utils@1 to /home/aephus/.config/discord/0.0.35/modules/pending/discord_game_utils-1.zip
2023-11-26T16:09:54.673Z [Modules] Installing discord_krisp@1 from /home/aephus/.config/discord/0.0.35/modules/pending/discord_krisp-1.zip
2023-11-26T16:09:54.837Z [Modules] Streaming discord_game_utils@1 to /home/aephus/.config/discord/0.0.35/modules/pending/discord_game_utils-1.zip: 2%
2023-11-26T16:09:54.837Z [Modules] Streaming discord_game_utils@1 to /home/aephus/.config/discord/0.0.35/modules/pending/discord_game_utils-1.zip: 3%
2023-11-26T16:09:54.838Z [Modules] Streaming discord_game_utils@1 to /home/aephus/.config/discord/0.0.35/modules/pending/discord_game_utils-1.zip: 6%
2023-11-26T16:09:54.839Z [Modules] Streaming discord_game_utils@1 to /home/aephus/.config/discord/0.0.35/modules/pending/discord_game_utils-1.zip: 9%
2023-11-26T16:09:54.841Z [Modules] Streaming discord_game_utils@1 to /home/aephus/.config/discord/0.0.35/modules/pending/discord_game_utils-1.zip: 11%
2023-11-26T16:09:54.841Z [Modules] Streaming discord_game_utils@1 to /home/aephus/.config/discord/0.0.35/modules/pending/discord_game_utils-1.zip: 12%
2023-11-26T16:09:54.842Z [Modules] Streaming discord_game_utils@1 to /home/aephus/.config/discord/0.0.35/modules/pending/discord_game_utils-1.zip: 15%
2023-11-26T16:09:54.843Z [Modules] Streaming discord_game_utils@1 to /home/aephus/.config/discord/0.0.35/modules/pending/discord_game_utils-1.zip: 18%
2023-11-26T16:09:54.844Z [Modules] Streaming discord_game_utils@1 to /home/aephus/.config/discord/0.0.35/modules/pending/discord_game_utils-1.zip: 20%
2023-11-26T16:09:54.858Z [Modules] Streaming discord_game_utils@1 to /home/aephus/.config/discord/0.0.35/modules/pending/discord_game_utils-1.zip: 23%
2023-11-26T16:09:54.858Z [Modules] Streaming discord_game_utils@1 to /home/aephus/.config/discord/0.0.35/modules/pending/discord_game_utils-1.zip: 25%
2023-11-26T16:09:54.859Z [Modules] Streaming discord_game_utils@1 to /home/aephus/.config/discord/0.0.35/modules/pending/discord_game_utils-1.zip: 27%
2023-11-26T16:09:54.859Z [Modules] Streaming discord_game_utils@1 to /home/aephus/.config/discord/0.0.35/modules/pending/discord_game_utils-1.zip: 30%
2023-11-26T16:09:54.859Z [Modules] Streaming discord_game_utils@1 to /home/aephus/.config/discord/0.0.35/modules/pending/discord_game_utils-1.zip: 31%
2023-11-26T16:09:54.860Z [Modules] Streaming discord_game_utils@1 to /home/aephus/.config/discord/0.0.35/modules/pending/discord_game_utils-1.zip: 33%
2023-11-26T16:09:54.860Z [Modules] Streaming discord_game_utils@1 to /home/aephus/.config/discord/0.0.35/modules/pending/discord_game_utils-1.zip: 34%
2023-11-26T16:09:54.860Z [Modules] Streaming discord_game_utils@1 to /home/aephus/.config/discord/0.0.35/modules/pending/discord_game_utils-1.zip: 36%
2023-11-26T16:09:54.860Z [Modules] Streaming discord_game_utils@1 to /home/aephus/.config/discord/0.0.35/modules/pending/discord_game_utils-1.zip: 37%
2023-11-26T16:09:54.862Z [Modules] Streaming discord_game_utils@1 to /home/aephus/.config/discord/0.0.35/modules/pending/discord_game_utils-1.zip: 40%
2023-11-26T16:09:54.862Z [Modules] Streaming discord_game_utils@1 to /home/aephus/.config/discord/0.0.35/modules/pending/discord_game_utils-1.zip: 41%
2023-11-26T16:09:54.862Z [Modules] Streaming discord_game_utils@1 to /home/aephus/.config/discord/0.0.35/modules/pending/discord_game_utils-1.zip: 44%
2023-11-26T16:09:54.862Z [Modules] Streaming discord_game_utils@1 to /home/aephus/.config/discord/0.0.35/modules/pending/discord_game_utils-1.zip: 46%
2023-11-26T16:09:54.862Z [Modules] Streaming discord_game_utils@1 to /home/aephus/.config/discord/0.0.35/modules/pending/discord_game_utils-1.zip: 49%
2023-11-26T16:09:54.863Z [Modules] Streaming discord_game_utils@1 to /home/aephus/.config/discord/0.0.35/modules/pending/discord_game_utils-1.zip: 54%
2023-11-26T16:09:54.863Z [Modules] Streaming discord_game_utils@1 to /home/aephus/.config/discord/0.0.35/modules/pending/discord_game_utils-1.zip: 59%
2023-11-26T16:09:54.863Z [Modules] Streaming discord_game_utils@1 to /home/aephus/.config/discord/0.0.35/modules/pending/discord_game_utils-1.zip: 62%
2023-11-26T16:09:54.863Z [Modules] Streaming discord_game_utils@1 to /home/aephus/.config/discord/0.0.35/modules/pending/discord_game_utils-1.zip: 64%
2023-11-26T16:09:54.863Z [Modules] Streaming discord_game_utils@1 to /home/aephus/.config/discord/0.0.35/modules/pending/discord_game_utils-1.zip: 70%
2023-11-26T16:09:54.863Z [Modules] Streaming discord_game_utils@1 to /home/aephus/.config/discord/0.0.35/modules/pending/discord_game_utils-1.zip: 75%
2023-11-26T16:09:54.864Z [Modules] Streaming discord_game_utils@1 to /home/aephus/.config/discord/0.0.35/modules/pending/discord_game_utils-1.zip: 77%
2023-11-26T16:09:54.864Z [Modules] Streaming discord_game_utils@1 to /home/aephus/.config/discord/0.0.35/modules/pending/discord_game_utils-1.zip: 79%
2023-11-26T16:09:54.865Z [Modules] Streaming discord_game_utils@1 to /home/aephus/.config/discord/0.0.35/modules/pending/discord_game_utils-1.zip: 80%
2023-11-26T16:09:54.865Z [Modules] Streaming discord_game_utils@1 to /home/aephus/.config/discord/0.0.35/modules/pending/discord_game_utils-1.zip: 83%
2023-11-26T16:09:54.866Z [Modules] Streaming discord_game_utils@1 to /home/aephus/.config/discord/0.0.35/modules/pending/discord_game_utils-1.zip: 84%
2023-11-26T16:09:54.866Z [Modules] Streaming discord_game_utils@1 to /home/aephus/.config/discord/0.0.35/modules/pending/discord_game_utils-1.zip: 87%
2023-11-26T16:09:54.867Z [Modules] Streaming discord_game_utils@1 to /home/aephus/.config/discord/0.0.35/modules/pending/discord_game_utils-1.zip: 88%
2023-11-26T16:09:54.867Z [Modules] Streaming discord_game_utils@1 to /home/aephus/.config/discord/0.0.35/modules/pending/discord_game_utils-1.zip: 90%
2023-11-26T16:09:54.868Z [Modules] Streaming discord_game_utils@1 to /home/aephus/.config/discord/0.0.35/modules/pending/discord_game_utils-1.zip: 93%
2023-11-26T16:09:54.869Z [Modules] Streaming discord_game_utils@1 to /home/aephus/.config/discord/0.0.35/modules/pending/discord_game_utils-1.zip: 96%
2023-11-26T16:09:54.869Z [Modules] Streaming discord_game_utils@1 to /home/aephus/.config/discord/0.0.35/modules/pending/discord_game_utils-1.zip: 97%
2023-11-26T16:09:54.870Z [Modules] Streaming discord_game_utils@1 to /home/aephus/.config/discord/0.0.35/modules/pending/discord_game_utils-1.zip: 99%
2023-11-26T16:09:54.870Z [Modules] Streaming discord_game_utils@1 to /home/aephus/.config/discord/0.0.35/modules/pending/discord_game_utils-1.zip: 100%
2023-11-26T16:09:54.870Z [Modules] Fetching discord_rpc@1 from https://discord.com/api/modules/stable/discord_rpc/1
2023-11-26T16:09:54.870Z [Modules] Streaming discord_rpc@1 to /home/aephus/.config/discord/0.0.35/modules/pending/discord_rpc-1.zip
2023-11-26T16:09:54.880Z [Modules] Installing discord_game_utils@1 from /home/aephus/.config/discord/0.0.35/modules/pending/discord_game_utils-1.zip
2023-11-26T16:09:54.909Z [Modules] Finished module installations. [success: 2] [failure: 0]
2023-11-26T16:09:55.052Z [Modules] Streaming discord_rpc@1 to /home/aephus/.config/discord/0.0.35/modules/pending/discord_rpc-1.zip: 100%
2023-11-26T16:09:55.052Z [Modules] Finished module downloads. [success: 3] [failure: 0]
2023-11-26T16:09:55.053Z [Modules] Installing discord_rpc@1 from /home/aephus/.config/discord/0.0.35/modules/pending/discord_rpc-1.zip
2023-11-26T16:09:55.058Z [Modules] Finished module installations. [success: 1] [failure: 0]
2023-11-26T16:14:14.427Z [Modules] Modules initializing
2023-11-26T16:14:14.427Z [Modules] Distribution: remote
2023-11-26T16:14:14.427Z [Modules] Host updates: enabled
2023-11-26T16:14:14.427Z [Modules] Module updates: enabled
2023-11-26T16:14:14.427Z [Modules] Module install path: /home/aephus/.config/discord/0.0.35/modules
2023-11-26T16:14:14.427Z [Modules] Module installed file path: /home/aephus/.config/discord/0.0.35/modules/installed.json
2023-11-26T16:14:14.428Z [Modules] Module download path: /home/aephus/.config/discord/0.0.35/modules/pending
2023-11-26T16:14:14.586Z [Modules] No updates to install
2023-11-26T16:14:14.586Z [Modules] Checking for host updates.
2023-11-26T16:14:14.766Z [Modules] Host is up to date.
2023-11-26T16:14:14.766Z [Modules] Checking for module updates at https://discord.com/api/modules/stable/versions.json
2023-11-26T16:14:14.911Z [Modules] No module updates available.
2023-11-26T16:14:16.035Z [Modules] Checking for host updates.
2023-11-26T16:14:16.195Z [Modules] Host is up to date.
2023-11-26T16:14:16.195Z [Modules] Checking for module updates at https://discord.com/api/modules/stable/versions.json
2023-11-26T16:14:16.211Z [Modules] No module updates available.
2023-11-26T16:14:16.554Z [Modules] Checking for host updates.
2023-11-26T16:14:16.715Z [Modules] Host is up to date.
2023-11-26T16:14:16.715Z [Modules] Checking for module updates at https://discord.com/api/modules/stable/versions.json
2023-11-26T16:14:16.732Z [Modules] No module updates available.
2023-11-26T16:16:09.860Z [Modules] Modules initializing
2023-11-26T16:16:09.860Z [Modules] Distribution: remote
2023-11-26T16:16:09.860Z [Modules] Host updates: enabled
2023-11-26T16:16:09.860Z [Modules] Module updates: enabled
2023-11-26T16:16:09.860Z [Modules] Module install path: /home/aephus/.config/discord/0.0.35/modules
2023-11-26T16:16:09.860Z [Modules] Module installed file path: /home/aephus/.config/discord/0.0.35/modules/installed.json
2023-11-26T16:16:09.860Z [Modules] Module download path: /home/aephus/.config/discord/0.0.35/modules/pending
2023-11-26T16:16:09.988Z [Modules] No updates to install
2023-11-26T16:16:09.988Z [Modules] Checking for host updates.
2023-11-26T16:16:10.206Z [Modules] Host is up to date.
2023-11-26T16:16:10.206Z [Modules] Checking for module updates at https://discord.com/api/modules/stable/versions.json
2023-11-26T16:16:10.351Z [Modules] No module updates available.
2023-11-26T16:16:11.292Z [Modules] Checking for host updates.
2023-11-26T16:16:11.446Z [Modules] Host is up to date.
2023-11-26T16:16:11.446Z [Modules] Checking for module updates at https://discord.com/api/modules/stable/versions.json
2023-11-26T16:16:11.476Z [Modules] No module updates available.
